빌드 시작: 2020-06-18 오전 11:19:26
     1>2 노드의 "C:\Users\ghk43\Desktop\traffic light\traffic light\traffic light.vcxproj" 프로젝트(build 대상)입니다.
     1>InitializeBuildStatus:
         "AlwaysCreate"이(가) 지정되었기 때문에 "x64\Debug\traffic light.unsuccessfulbuild"을(를) 만들고 있습니다.
       ClCompile:
         c:\Program Files (x86)\Microsoft Visual Studio 10.0\VC\bin\x86_amd64\CL.exe /c /Zi /nologo /W3 /WX- /Od /D WIN32 /D _DEBUG /D _CONSOLE /D _UNICODE /D UNICODE /Gm /EHsc /RTC1 /MDd /GS /fp:precise /Zc:wchar_t /Zc:forScope /Fo"x64\Debug\\" /Fd"x64\Debug\vc100.pdb" /Gd /TP /errorReport:prompt "traffic light.cpp"
         traffic light.cpp
       ManifestResourceCompile:
         모든 출력이 최신 상태입니다.
       Link:
         c:\Program Files (x86)\Microsoft Visual Studio 10.0\VC\bin\x86_amd64\link.exe /ERRORREPORT:PROMPT /OUT:"C:\Users\ghk43\Desktop\traffic light\x64\Debug\traffic light.exe" /INCREMENTAL /NOLOGO opencv_core2410d.lib opencv_highgui2410d.lib opencv_imgproc2410d.lib opencv_ml2410d.lib opencv_video2410d.lib opencv_features2d2410d.lib opencv_calib3d2410d.lib kernel32.lib user32.lib gdi32.lib winspool.lib comdlg32.lib advapi32.lib shell32.lib ole32.lib oleaut32.lib uuid.lib odbc32.lib odbccp32.lib /MANIFEST /ManifestFile:"x64\Debug\traffic light.exe.intermediate.manifest" /MANIFESTUAC:"level='asInvoker' uiAccess='false'" /DEBUG /PDB:"C:\Users\ghk43\Desktop\traffic light\x64\Debug\traffic light.pdb" /SUBSYSTEM:CONSOLE /TLBID:1 /DYNAMICBASE /NXCOMPAT /IMPLIB:"C:\Users\ghk43\Desktop\traffic light\x64\Debug\traffic light.lib" /MACHINE:X64 "x64\Debug\traffic light.exe.embed.manifest.res"
         "x64\Debug\traffic light.obj"
         traffic light.vcxproj -> C:\Users\ghk43\Desktop\traffic light\x64\Debug\traffic light.exe
       Manifest:
         c:\Program Files (x86)\Microsoft SDKs\Windows\v7.0A\bin\mt.exe /nologo /verbose /out:"x64\Debug\traffic light.exe.embed.manifest" /manifest "x64\Debug\traffic light.exe.intermediate.manifest"
         모든 출력이 최신 상태입니다.
       LinkEmbedManifest:
         모든 출력이 최신 상태입니다.
         traffic light.vcxproj -> C:\Users\ghk43\Desktop\traffic light\x64\Debug\traffic light.exe
       FinalizeBuildStatus:
         "x64\Debug\traffic light.unsuccessfulbuild" 파일을 삭제하고 있습니다.
         "x64\Debug\traffic light.lastbuildstate"에 연결(touching)하고 있습니다.
     1>"C:\Users\ghk43\Desktop\traffic light\traffic light\traffic light.vcxproj" 프로젝트를 빌드했습니다(build 대상).

빌드했습니다.

경과 시간: 00:00:06.26
